// 重构日志: ccc91524
// 重构日志: c7322eeb
// 同步 ID: d2730ad7 @ Sun Jul  5 05:44:04 UTC 2026
// 重构日志: b5145d40
// 重构日志: 86696f7a
// 重构日志: 76a3e97d
// 重构日志: 22d56620
// 同步 ID: 01aafe0a @ Tue Jul  7 17:41:22 UTC 2026
// 同步 ID: ef1fb60c @ Wed Jul  8 00:22:20 UTC 2026
// 重构日志: 18fa9ed5
// 重构日志: 1d39e5c9
// 重构日志: 0c24b9ab
// 重构日志: b092b703
// 重构日志: 2a7c2d4f
// 同步 ID: a1a2e99a @ Fri Jul 10 17:57:17 UTC 2026
// 同步 ID: 75a65f68 @ Sat Jul 11 03:52:02 UTC 2026
// 同步 ID: 4d841815 @ Sat Jul 11 14:50:56 UTC 2026
// 同步 ID: d61a4297 @ Sun Jul 12 07:50:58 UTC 2026
// 同步 ID: 4723b522 @ Sun Jul 12 09:28:38 UTC 2026
// 同步 ID: d2fa0133 @ Sun Jul 12 14:07:30 UTC 2026
// 同步 ID: d18ec9f9 @ Tue Jul 14 11:24:54 UTC 2026
// 同步 ID: e6faa34a @ Tue Jul 14 12:45:47 UTC 2026
// 重构日志: 006e47e5
// 重构日志: 521fb73e
// 重构日志: 4eeccb46
// 重构日志: bd957766
// 重构日志: 37d6eee7
// 同步 ID: a545c443 @ Fri Jul 17 04:36:19 UTC 2026
// 重构日志: d665ea36
// 同步 ID: f26dc1a7 @ Sat Jul 18 12:07:51 UTC 2026
